2021-07-29 17:42:21,463:INFO:Initializing load_model()
2021-07-29 17:42:21,463:INFO:load_model(model_name=churn-model-optimized-auc, platform=None, authentication=None, verbose=True)
2021-07-29 17:43:35,227:INFO:Initializing load_model()
2021-07-29 17:43:35,227:INFO:load_model(model_name=assets/ml_models_binaries/churn-model-optimized-auc, platform=None, authentication=None, verbose=True)
2021-07-29 17:43:36,423:INFO:Initializing load_model()
2021-07-29 17:43:36,423:INFO:load_model(model_name=assets/ml_models_binaries/churn-model-optimized-auc, platform=None, authentication=None, verbose=True)
2021-07-29 17:52:54,660:INFO:Initializing load_model()
2021-07-29 17:52:54,660:INFO:load_model(model_name=assets/ml_models_binaries/churn-model-optimized-auc, platform=None, authentication=None, verbose=True)
2021-07-29 17:53:22,357:INFO:Initializing predict_model()
2021-07-29 17:53:22,358:INFO:predict_model(estimator=Pipeline(steps=[('dtypes',
                 DataTypes_Auto_infer(features_todrop=['CustomerID', 'City'],
                                      ml_usecase='classification',
                                      target='Churn Value')),
                ('imputer',
                 Simple_Imputer(categorical_strategy='not_available',
                                fill_value_categorical=None,
                                fill_value_numerical=None,
                                numeric_strategy='mean',
                                target_variable=None)),
                ('new_levels1',
                 New_Catagorical_Levels_in_TestData(r...
                ('clean_names', Clean_Colum_Names()),
                ('feature_select', 'passthrough'), ('fix_multi', 'passthrough'),
                ('dfs', 'passthrough'), ('pca', 'passthrough'),
                ['trained_model',
                 GradientBoostingClassifier(learning_rate=0.05, max_depth=2,
                                            max_features='sqrt',
                                            min_impurity_decrease=0.2,
                                            min_samples_leaf=2,
                                            min_samples_split=10,
                                            n_estimators=200, random_state=3738,
                                            subsample=0.3)]]), probability_threshold=None, encoded_labels=False, raw_score=False, round=4, verbose=True, ml_usecase=MLUsecase.CLASSIFICATION, display=None)
2021-07-29 17:53:22,358:INFO:Checking exceptions
2021-07-29 17:53:22,358:INFO:Preloading libraries
2021-07-29 17:54:18,545:INFO:Initializing predict_model()
2021-07-29 17:54:18,545:INFO:predict_model(estimator=Pipeline(steps=[('dtypes',
                 DataTypes_Auto_infer(features_todrop=['CustomerID', 'City'],
                                      ml_usecase='classification',
                                      target='Churn Value')),
                ('imputer',
                 Simple_Imputer(categorical_strategy='not_available',
                                fill_value_categorical=None,
                                fill_value_numerical=None,
                                numeric_strategy='mean',
                                target_variable=None)),
                ('new_levels1',
                 New_Catagorical_Levels_in_TestData(r...
                ('clean_names', Clean_Colum_Names()),
                ('feature_select', 'passthrough'), ('fix_multi', 'passthrough'),
                ('dfs', 'passthrough'), ('pca', 'passthrough'),
                ['trained_model',
                 GradientBoostingClassifier(learning_rate=0.05, max_depth=2,
                                            max_features='sqrt',
                                            min_impurity_decrease=0.2,
                                            min_samples_leaf=2,
                                            min_samples_split=10,
                                            n_estimators=200, random_state=3738,
                                            subsample=0.3)]]), probability_threshold=None, encoded_labels=False, raw_score=False, round=4, verbose=True, ml_usecase=MLUsecase.CLASSIFICATION, display=None)
2021-07-29 17:54:18,545:INFO:Checking exceptions
2021-07-29 17:54:18,545:INFO:Preloading libraries
2021-07-29 17:54:52,870:INFO:Initializing predict_model()
2021-07-29 17:54:52,870:INFO:predict_model(estimator=Pipeline(steps=[('dtypes',
                 DataTypes_Auto_infer(features_todrop=['CustomerID', 'City'],
                                      ml_usecase='classification',
                                      target='Churn Value')),
                ('imputer',
                 Simple_Imputer(categorical_strategy='not_available',
                                fill_value_categorical=None,
                                fill_value_numerical=None,
                                numeric_strategy='mean',
                                target_variable=None)),
                ('new_levels1',
                 New_Catagorical_Levels_in_TestData(r...
                ('clean_names', Clean_Colum_Names()),
                ('feature_select', 'passthrough'), ('fix_multi', 'passthrough'),
                ('dfs', 'passthrough'), ('pca', 'passthrough'),
                ['trained_model',
                 GradientBoostingClassifier(learning_rate=0.05, max_depth=2,
                                            max_features='sqrt',
                                            min_impurity_decrease=0.2,
                                            min_samples_leaf=2,
                                            min_samples_split=10,
                                            n_estimators=200, random_state=3738,
                                            subsample=0.3)]]), probability_threshold=None, encoded_labels=False, raw_score=False, round=4, verbose=True, ml_usecase=MLUsecase.CLASSIFICATION, display=None)
2021-07-29 17:54:52,870:INFO:Checking exceptions
2021-07-29 17:54:52,870:INFO:Preloading libraries
2021-07-29 17:54:55,462:INFO:Initializing predict_model()
2021-07-29 17:54:55,462:INFO:predict_model(estimator=Pipeline(steps=[('dtypes',
                 DataTypes_Auto_infer(features_todrop=['CustomerID', 'City'],
                                      ml_usecase='classification',
                                      target='Churn Value')),
                ('imputer',
                 Simple_Imputer(categorical_strategy='not_available',
                                fill_value_categorical=None,
                                fill_value_numerical=None,
                                numeric_strategy='mean',
                                target_variable=None)),
                ('new_levels1',
                 New_Catagorical_Levels_in_TestData(r...
                ('clean_names', Clean_Colum_Names()),
                ('feature_select', 'passthrough'), ('fix_multi', 'passthrough'),
                ('dfs', 'passthrough'), ('pca', 'passthrough'),
                ['trained_model',
                 GradientBoostingClassifier(learning_rate=0.05, max_depth=2,
                                            max_features='sqrt',
                                            min_impurity_decrease=0.2,
                                            min_samples_leaf=2,
                                            min_samples_split=10,
                                            n_estimators=200, random_state=3738,
                                            subsample=0.3)]]), probability_threshold=None, encoded_labels=False, raw_score=False, round=4, verbose=True, ml_usecase=MLUsecase.CLASSIFICATION, display=None)
2021-07-29 17:54:55,462:INFO:Checking exceptions
2021-07-29 17:54:55,462:INFO:Preloading libraries
2021-07-29 17:55:00,990:INFO:Initializing predict_model()
2021-07-29 17:55:00,990:INFO:predict_model(estimator=Pipeline(steps=[('dtypes',
                 DataTypes_Auto_infer(features_todrop=['CustomerID', 'City'],
                                      ml_usecase='classification',
                                      target='Churn Value')),
                ('imputer',
                 Simple_Imputer(categorical_strategy='not_available',
                                fill_value_categorical=None,
                                fill_value_numerical=None,
                                numeric_strategy='mean',
                                target_variable=None)),
                ('new_levels1',
                 New_Catagorical_Levels_in_TestData(r...
                ('clean_names', Clean_Colum_Names()),
                ('feature_select', 'passthrough'), ('fix_multi', 'passthrough'),
                ('dfs', 'passthrough'), ('pca', 'passthrough'),
                ['trained_model',
                 GradientBoostingClassifier(learning_rate=0.05, max_depth=2,
                                            max_features='sqrt',
                                            min_impurity_decrease=0.2,
                                            min_samples_leaf=2,
                                            min_samples_split=10,
                                            n_estimators=200, random_state=3738,
                                            subsample=0.3)]]), probability_threshold=None, encoded_labels=False, raw_score=False, round=4, verbose=True, ml_usecase=MLUsecase.CLASSIFICATION, display=None)
2021-07-29 17:55:00,990:INFO:Checking exceptions
2021-07-29 17:55:00,990:INFO:Preloading libraries
2021-07-29 17:57:33,476:INFO:Initializing predict_model()
2021-07-29 17:57:33,476:INFO:predict_model(estimator=Pipeline(steps=[('dtypes',
                 DataTypes_Auto_infer(features_todrop=['CustomerID', 'City'],
                                      ml_usecase='classification',
                                      target='Churn Value')),
                ('imputer',
                 Simple_Imputer(categorical_strategy='not_available',
                                fill_value_categorical=None,
                                fill_value_numerical=None,
                                numeric_strategy='mean',
                                target_variable=None)),
                ('new_levels1',
                 New_Catagorical_Levels_in_TestData(r...
                ('clean_names', Clean_Colum_Names()),
                ('feature_select', 'passthrough'), ('fix_multi', 'passthrough'),
                ('dfs', 'passthrough'), ('pca', 'passthrough'),
                ['trained_model',
                 GradientBoostingClassifier(learning_rate=0.05, max_depth=2,
                                            max_features='sqrt',
                                            min_impurity_decrease=0.2,
                                            min_samples_leaf=2,
                                            min_samples_split=10,
                                            n_estimators=200, random_state=3738,
                                            subsample=0.3)]]), probability_threshold=None, encoded_labels=False, raw_score=False, round=4, verbose=True, ml_usecase=MLUsecase.CLASSIFICATION, display=None)
2021-07-29 17:57:33,476:INFO:Checking exceptions
2021-07-29 17:57:33,476:INFO:Preloading libraries
2021-07-29 17:57:41,224:INFO:Initializing predict_model()
2021-07-29 17:57:41,224:INFO:predict_model(estimator=Pipeline(steps=[('dtypes',
                 DataTypes_Auto_infer(features_todrop=['CustomerID', 'City'],
                                      ml_usecase='classification',
                                      target='Churn Value')),
                ('imputer',
                 Simple_Imputer(categorical_strategy='not_available',
                                fill_value_categorical=None,
                                fill_value_numerical=None,
                                numeric_strategy='mean',
                                target_variable=None)),
                ('new_levels1',
                 New_Catagorical_Levels_in_TestData(r...
                ('clean_names', Clean_Colum_Names()),
                ('feature_select', 'passthrough'), ('fix_multi', 'passthrough'),
                ('dfs', 'passthrough'), ('pca', 'passthrough'),
                ['trained_model',
                 GradientBoostingClassifier(learning_rate=0.05, max_depth=2,
                                            max_features='sqrt',
                                            min_impurity_decrease=0.2,
                                            min_samples_leaf=2,
                                            min_samples_split=10,
                                            n_estimators=200, random_state=3738,
                                            subsample=0.3)]]), probability_threshold=None, encoded_labels=False, raw_score=False, round=4, verbose=True, ml_usecase=MLUsecase.CLASSIFICATION, display=None)
2021-07-29 17:57:41,224:INFO:Checking exceptions
2021-07-29 17:57:41,224:INFO:Preloading libraries
2021-07-29 17:57:45,725:INFO:Initializing predict_model()
2021-07-29 17:57:45,725:INFO:predict_model(estimator=Pipeline(steps=[('dtypes',
                 DataTypes_Auto_infer(features_todrop=['CustomerID', 'City'],
                                      ml_usecase='classification',
                                      target='Churn Value')),
                ('imputer',
                 Simple_Imputer(categorical_strategy='not_available',
                                fill_value_categorical=None,
                                fill_value_numerical=None,
                                numeric_strategy='mean',
                                target_variable=None)),
                ('new_levels1',
                 New_Catagorical_Levels_in_TestData(r...
                ('clean_names', Clean_Colum_Names()),
                ('feature_select', 'passthrough'), ('fix_multi', 'passthrough'),
                ('dfs', 'passthrough'), ('pca', 'passthrough'),
                ['trained_model',
                 GradientBoostingClassifier(learning_rate=0.05, max_depth=2,
                                            max_features='sqrt',
                                            min_impurity_decrease=0.2,
                                            min_samples_leaf=2,
                                            min_samples_split=10,
                                            n_estimators=200, random_state=3738,
                                            subsample=0.3)]]), probability_threshold=None, encoded_labels=False, raw_score=False, round=4, verbose=True, ml_usecase=MLUsecase.CLASSIFICATION, display=None)
2021-07-29 17:57:45,725:INFO:Checking exceptions
2021-07-29 17:57:45,725:INFO:Preloading libraries
2021-07-29 17:57:50,387:INFO:Initializing predict_model()
2021-07-29 17:57:50,387:INFO:predict_model(estimator=Pipeline(steps=[('dtypes',
                 DataTypes_Auto_infer(features_todrop=['CustomerID', 'City'],
                                      ml_usecase='classification',
                                      target='Churn Value')),
                ('imputer',
                 Simple_Imputer(categorical_strategy='not_available',
                                fill_value_categorical=None,
                                fill_value_numerical=None,
                                numeric_strategy='mean',
                                target_variable=None)),
                ('new_levels1',
                 New_Catagorical_Levels_in_TestData(r...
                ('clean_names', Clean_Colum_Names()),
                ('feature_select', 'passthrough'), ('fix_multi', 'passthrough'),
                ('dfs', 'passthrough'), ('pca', 'passthrough'),
                ['trained_model',
                 GradientBoostingClassifier(learning_rate=0.05, max_depth=2,
                                            max_features='sqrt',
                                            min_impurity_decrease=0.2,
                                            min_samples_leaf=2,
                                            min_samples_split=10,
                                            n_estimators=200, random_state=3738,
                                            subsample=0.3)]]), probability_threshold=None, encoded_labels=False, raw_score=False, round=4, verbose=True, ml_usecase=MLUsecase.CLASSIFICATION, display=None)
2021-07-29 17:57:50,387:INFO:Checking exceptions
2021-07-29 17:57:50,387:INFO:Preloading libraries
2021-07-29 17:57:54,655:INFO:Initializing predict_model()
2021-07-29 17:57:54,655:INFO:predict_model(estimator=Pipeline(steps=[('dtypes',
                 DataTypes_Auto_infer(features_todrop=['CustomerID', 'City'],
                                      ml_usecase='classification',
                                      target='Churn Value')),
                ('imputer',
                 Simple_Imputer(categorical_strategy='not_available',
                                fill_value_categorical=None,
                                fill_value_numerical=None,
                                numeric_strategy='mean',
                                target_variable=None)),
                ('new_levels1',
                 New_Catagorical_Levels_in_TestData(r...
                ('clean_names', Clean_Colum_Names()),
                ('feature_select', 'passthrough'), ('fix_multi', 'passthrough'),
                ('dfs', 'passthrough'), ('pca', 'passthrough'),
                ['trained_model',
                 GradientBoostingClassifier(learning_rate=0.05, max_depth=2,
                                            max_features='sqrt',
                                            min_impurity_decrease=0.2,
                                            min_samples_leaf=2,
                                            min_samples_split=10,
                                            n_estimators=200, random_state=3738,
                                            subsample=0.3)]]), probability_threshold=None, encoded_labels=False, raw_score=False, round=4, verbose=True, ml_usecase=MLUsecase.CLASSIFICATION, display=None)
2021-07-29 17:57:54,655:INFO:Checking exceptions
2021-07-29 17:57:54,655:INFO:Preloading libraries
2021-07-29 17:57:57,158:INFO:Initializing predict_model()
2021-07-29 17:57:57,158:INFO:predict_model(estimator=Pipeline(steps=[('dtypes',
                 DataTypes_Auto_infer(features_todrop=['CustomerID', 'City'],
                                      ml_usecase='classification',
                                      target='Churn Value')),
                ('imputer',
                 Simple_Imputer(categorical_strategy='not_available',
                                fill_value_categorical=None,
                                fill_value_numerical=None,
                                numeric_strategy='mean',
                                target_variable=None)),
                ('new_levels1',
                 New_Catagorical_Levels_in_TestData(r...
                ('clean_names', Clean_Colum_Names()),
                ('feature_select', 'passthrough'), ('fix_multi', 'passthrough'),
                ('dfs', 'passthrough'), ('pca', 'passthrough'),
                ['trained_model',
                 GradientBoostingClassifier(learning_rate=0.05, max_depth=2,
                                            max_features='sqrt',
                                            min_impurity_decrease=0.2,
                                            min_samples_leaf=2,
                                            min_samples_split=10,
                                            n_estimators=200, random_state=3738,
                                            subsample=0.3)]]), probability_threshold=None, encoded_labels=False, raw_score=False, round=4, verbose=True, ml_usecase=MLUsecase.CLASSIFICATION, display=None)
2021-07-29 17:57:57,158:INFO:Checking exceptions
2021-07-29 17:57:57,158:INFO:Preloading libraries
2021-07-29 17:57:59,804:INFO:Initializing predict_model()
2021-07-29 17:57:59,804:INFO:predict_model(estimator=Pipeline(steps=[('dtypes',
                 DataTypes_Auto_infer(features_todrop=['CustomerID', 'City'],
                                      ml_usecase='classification',
                                      target='Churn Value')),
                ('imputer',
                 Simple_Imputer(categorical_strategy='not_available',
                                fill_value_categorical=None,
                                fill_value_numerical=None,
                                numeric_strategy='mean',
                                target_variable=None)),
                ('new_levels1',
                 New_Catagorical_Levels_in_TestData(r...
                ('clean_names', Clean_Colum_Names()),
                ('feature_select', 'passthrough'), ('fix_multi', 'passthrough'),
                ('dfs', 'passthrough'), ('pca', 'passthrough'),
                ['trained_model',
                 GradientBoostingClassifier(learning_rate=0.05, max_depth=2,
                                            max_features='sqrt',
                                            min_impurity_decrease=0.2,
                                            min_samples_leaf=2,
                                            min_samples_split=10,
                                            n_estimators=200, random_state=3738,
                                            subsample=0.3)]]), probability_threshold=None, encoded_labels=False, raw_score=False, round=4, verbose=True, ml_usecase=MLUsecase.CLASSIFICATION, display=None)
2021-07-29 17:57:59,804:INFO:Checking exceptions
2021-07-29 17:57:59,804:INFO:Preloading libraries
2021-07-29 17:58:04,471:INFO:Initializing predict_model()
2021-07-29 17:58:04,471:INFO:predict_model(estimator=Pipeline(steps=[('dtypes',
                 DataTypes_Auto_infer(features_todrop=['CustomerID', 'City'],
                                      ml_usecase='classification',
                                      target='Churn Value')),
                ('imputer',
                 Simple_Imputer(categorical_strategy='not_available',
                                fill_value_categorical=None,
                                fill_value_numerical=None,
                                numeric_strategy='mean',
                                target_variable=None)),
                ('new_levels1',
                 New_Catagorical_Levels_in_TestData(r...
                ('clean_names', Clean_Colum_Names()),
                ('feature_select', 'passthrough'), ('fix_multi', 'passthrough'),
                ('dfs', 'passthrough'), ('pca', 'passthrough'),
                ['trained_model',
                 GradientBoostingClassifier(learning_rate=0.05, max_depth=2,
                                            max_features='sqrt',
                                            min_impurity_decrease=0.2,
                                            min_samples_leaf=2,
                                            min_samples_split=10,
                                            n_estimators=200, random_state=3738,
                                            subsample=0.3)]]), probability_threshold=None, encoded_labels=False, raw_score=False, round=4, verbose=True, ml_usecase=MLUsecase.CLASSIFICATION, display=None)
2021-07-29 17:58:04,471:INFO:Checking exceptions
2021-07-29 17:58:04,471:INFO:Preloading libraries
2021-07-29 17:58:09,097:INFO:Initializing predict_model()
2021-07-29 17:58:09,097:INFO:predict_model(estimator=Pipeline(steps=[('dtypes',
                 DataTypes_Auto_infer(features_todrop=['CustomerID', 'City'],
                                      ml_usecase='classification',
                                      target='Churn Value')),
                ('imputer',
                 Simple_Imputer(categorical_strategy='not_available',
                                fill_value_categorical=None,
                                fill_value_numerical=None,
                                numeric_strategy='mean',
                                target_variable=None)),
                ('new_levels1',
                 New_Catagorical_Levels_in_TestData(r...
                ('clean_names', Clean_Colum_Names()),
                ('feature_select', 'passthrough'), ('fix_multi', 'passthrough'),
                ('dfs', 'passthrough'), ('pca', 'passthrough'),
                ['trained_model',
                 GradientBoostingClassifier(learning_rate=0.05, max_depth=2,
                                            max_features='sqrt',
                                            min_impurity_decrease=0.2,
                                            min_samples_leaf=2,
                                            min_samples_split=10,
                                            n_estimators=200, random_state=3738,
                                            subsample=0.3)]]), probability_threshold=None, encoded_labels=False, raw_score=False, round=4, verbose=True, ml_usecase=MLUsecase.CLASSIFICATION, display=None)
2021-07-29 17:58:09,097:INFO:Checking exceptions
2021-07-29 17:58:09,097:INFO:Preloading libraries
2021-07-29 17:58:16,248:INFO:Initializing predict_model()
2021-07-29 17:58:16,248:INFO:predict_model(estimator=Pipeline(steps=[('dtypes',
                 DataTypes_Auto_infer(features_todrop=['CustomerID', 'City'],
                                      ml_usecase='classification',
                                      target='Churn Value')),
                ('imputer',
                 Simple_Imputer(categorical_strategy='not_available',
                                fill_value_categorical=None,
                                fill_value_numerical=None,
                                numeric_strategy='mean',
                                target_variable=None)),
                ('new_levels1',
                 New_Catagorical_Levels_in_TestData(r...
                ('clean_names', Clean_Colum_Names()),
                ('feature_select', 'passthrough'), ('fix_multi', 'passthrough'),
                ('dfs', 'passthrough'), ('pca', 'passthrough'),
                ['trained_model',
                 GradientBoostingClassifier(learning_rate=0.05, max_depth=2,
                                            max_features='sqrt',
                                            min_impurity_decrease=0.2,
                                            min_samples_leaf=2,
                                            min_samples_split=10,
                                            n_estimators=200, random_state=3738,
                                            subsample=0.3)]]), probability_threshold=None, encoded_labels=False, raw_score=False, round=4, verbose=True, ml_usecase=MLUsecase.CLASSIFICATION, display=None)
2021-07-29 17:58:16,248:INFO:Checking exceptions
2021-07-29 17:58:16,248:INFO:Preloading libraries
2021-07-29 17:58:38,402:INFO:Initializing predict_model()
2021-07-29 17:58:38,402:INFO:predict_model(estimator=Pipeline(steps=[('dtypes',
                 DataTypes_Auto_infer(features_todrop=['CustomerID', 'City'],
                                      ml_usecase='classification',
                                      target='Churn Value')),
                ('imputer',
                 Simple_Imputer(categorical_strategy='not_available',
                                fill_value_categorical=None,
                                fill_value_numerical=None,
                                numeric_strategy='mean',
                                target_variable=None)),
                ('new_levels1',
                 New_Catagorical_Levels_in_TestData(r...
                ('clean_names', Clean_Colum_Names()),
                ('feature_select', 'passthrough'), ('fix_multi', 'passthrough'),
                ('dfs', 'passthrough'), ('pca', 'passthrough'),
                ['trained_model',
                 GradientBoostingClassifier(learning_rate=0.05, max_depth=2,
                                            max_features='sqrt',
                                            min_impurity_decrease=0.2,
                                            min_samples_leaf=2,
                                            min_samples_split=10,
                                            n_estimators=200, random_state=3738,
                                            subsample=0.3)]]), probability_threshold=None, encoded_labels=False, raw_score=False, round=4, verbose=True, ml_usecase=MLUsecase.CLASSIFICATION, display=None)
2021-07-29 17:58:38,402:INFO:Checking exceptions
2021-07-29 17:58:38,402:INFO:Preloading libraries
2021-07-29 18:00:06,583:INFO:Initializing predict_model()
2021-07-29 18:00:06,583:INFO:predict_model(estimator=Pipeline(steps=[('dtypes',
                 DataTypes_Auto_infer(features_todrop=['CustomerID', 'City'],
                                      ml_usecase='classification',
                                      target='Churn Value')),
                ('imputer',
                 Simple_Imputer(categorical_strategy='not_available',
                                fill_value_categorical=None,
                                fill_value_numerical=None,
                                numeric_strategy='mean',
                                target_variable=None)),
                ('new_levels1',
                 New_Catagorical_Levels_in_TestData(r...
                ('clean_names', Clean_Colum_Names()),
                ('feature_select', 'passthrough'), ('fix_multi', 'passthrough'),
                ('dfs', 'passthrough'), ('pca', 'passthrough'),
                ['trained_model',
                 GradientBoostingClassifier(learning_rate=0.05, max_depth=2,
                                            max_features='sqrt',
                                            min_impurity_decrease=0.2,
                                            min_samples_leaf=2,
                                            min_samples_split=10,
                                            n_estimators=200, random_state=3738,
                                            subsample=0.3)]]), probability_threshold=None, encoded_labels=False, raw_score=False, round=4, verbose=True, ml_usecase=MLUsecase.CLASSIFICATION, display=None)
2021-07-29 18:00:06,583:INFO:Checking exceptions
2021-07-29 18:00:06,583:INFO:Preloading libraries
2021-07-29 18:00:18,939:INFO:Initializing predict_model()
2021-07-29 18:00:18,939:INFO:predict_model(estimator=Pipeline(steps=[('dtypes',
                 DataTypes_Auto_infer(features_todrop=['CustomerID', 'City'],
                                      ml_usecase='classification',
                                      target='Churn Value')),
                ('imputer',
                 Simple_Imputer(categorical_strategy='not_available',
                                fill_value_categorical=None,
                                fill_value_numerical=None,
                                numeric_strategy='mean',
                                target_variable=None)),
                ('new_levels1',
                 New_Catagorical_Levels_in_TestData(r...
                ('clean_names', Clean_Colum_Names()),
                ('feature_select', 'passthrough'), ('fix_multi', 'passthrough'),
                ('dfs', 'passthrough'), ('pca', 'passthrough'),
                ['trained_model',
                 GradientBoostingClassifier(learning_rate=0.05, max_depth=2,
                                            max_features='sqrt',
                                            min_impurity_decrease=0.2,
                                            min_samples_leaf=2,
                                            min_samples_split=10,
                                            n_estimators=200, random_state=3738,
                                            subsample=0.3)]]), probability_threshold=None, encoded_labels=False, raw_score=False, round=4, verbose=True, ml_usecase=MLUsecase.CLASSIFICATION, display=None)
2021-07-29 18:00:18,939:INFO:Checking exceptions
2021-07-29 18:00:18,939:INFO:Preloading libraries
2021-07-29 18:00:21,948:INFO:Initializing predict_model()
2021-07-29 18:00:21,948:INFO:predict_model(estimator=Pipeline(steps=[('dtypes',
                 DataTypes_Auto_infer(features_todrop=['CustomerID', 'City'],
                                      ml_usecase='classification',
                                      target='Churn Value')),
                ('imputer',
                 Simple_Imputer(categorical_strategy='not_available',
                                fill_value_categorical=None,
                                fill_value_numerical=None,
                                numeric_strategy='mean',
                                target_variable=None)),
                ('new_levels1',
                 New_Catagorical_Levels_in_TestData(r...
                ('clean_names', Clean_Colum_Names()),
                ('feature_select', 'passthrough'), ('fix_multi', 'passthrough'),
                ('dfs', 'passthrough'), ('pca', 'passthrough'),
                ['trained_model',
                 GradientBoostingClassifier(learning_rate=0.05, max_depth=2,
                                            max_features='sqrt',
                                            min_impurity_decrease=0.2,
                                            min_samples_leaf=2,
                                            min_samples_split=10,
                                            n_estimators=200, random_state=3738,
                                            subsample=0.3)]]), probability_threshold=None, encoded_labels=False, raw_score=False, round=4, verbose=True, ml_usecase=MLUsecase.CLASSIFICATION, display=None)
2021-07-29 18:00:21,948:INFO:Checking exceptions
2021-07-29 18:00:21,948:INFO:Preloading libraries
2021-07-29 18:00:23,961:INFO:Initializing predict_model()
2021-07-29 18:00:23,961:INFO:predict_model(estimator=Pipeline(steps=[('dtypes',
                 DataTypes_Auto_infer(features_todrop=['CustomerID', 'City'],
                                      ml_usecase='classification',
                                      target='Churn Value')),
                ('imputer',
                 Simple_Imputer(categorical_strategy='not_available',
                                fill_value_categorical=None,
                                fill_value_numerical=None,
                                numeric_strategy='mean',
                                target_variable=None)),
                ('new_levels1',
                 New_Catagorical_Levels_in_TestData(r...
                ('clean_names', Clean_Colum_Names()),
                ('feature_select', 'passthrough'), ('fix_multi', 'passthrough'),
                ('dfs', 'passthrough'), ('pca', 'passthrough'),
                ['trained_model',
                 GradientBoostingClassifier(learning_rate=0.05, max_depth=2,
                                            max_features='sqrt',
                                            min_impurity_decrease=0.2,
                                            min_samples_leaf=2,
                                            min_samples_split=10,
                                            n_estimators=200, random_state=3738,
                                            subsample=0.3)]]), probability_threshold=None, encoded_labels=False, raw_score=False, round=4, verbose=True, ml_usecase=MLUsecase.CLASSIFICATION, display=None)
2021-07-29 18:00:23,961:INFO:Checking exceptions
2021-07-29 18:00:23,961:INFO:Preloading libraries
2021-07-29 18:00:57,419:INFO:Initializing load_model()
2021-07-29 18:00:57,419:INFO:load_model(model_name=assets/ml_models_binaries/churn-model-optimized-auc, platform=None, authentication=None, verbose=True)
2021-07-29 18:02:39,262:INFO:Initializing load_model()
2021-07-29 18:02:39,262:INFO:load_model(model_name=assets/ml_models_binaries/churn-model-optimized-auc, platform=None, authentication=None, verbose=True)
2021-07-29 18:04:55,953:INFO:Initializing predict_model()
2021-07-29 18:04:55,953:INFO:predict_model(estimator=Pipeline(steps=[('dtypes',
                 DataTypes_Auto_infer(features_todrop=['CustomerID', 'City'],
                                      ml_usecase='classification',
                                      target='Churn Value')),
                ('imputer',
                 Simple_Imputer(categorical_strategy='not_available',
                                fill_value_categorical=None,
                                fill_value_numerical=None,
                                numeric_strategy='mean',
                                target_variable=None)),
                ('new_levels1',
                 New_Catagorical_Levels_in_TestData(r...
                ('clean_names', Clean_Colum_Names()),
                ('feature_select', 'passthrough'), ('fix_multi', 'passthrough'),
                ('dfs', 'passthrough'), ('pca', 'passthrough'),
                ['trained_model',
                 GradientBoostingClassifier(learning_rate=0.05, max_depth=2,
                                            max_features='sqrt',
                                            min_impurity_decrease=0.2,
                                            min_samples_leaf=2,
                                            min_samples_split=10,
                                            n_estimators=200, random_state=3738,
                                            subsample=0.3)]]), probability_threshold=None, encoded_labels=False, raw_score=False, round=4, verbose=True, ml_usecase=MLUsecase.CLASSIFICATION, display=None)
2021-07-29 18:04:55,953:INFO:Checking exceptions
2021-07-29 18:04:55,953:INFO:Preloading libraries
2021-07-29 18:05:11,323:INFO:Initializing predict_model()
2021-07-29 18:05:11,323:INFO:predict_model(estimator=Pipeline(steps=[('dtypes',
                 DataTypes_Auto_infer(features_todrop=['CustomerID', 'City'],
                                      ml_usecase='classification',
                                      target='Churn Value')),
                ('imputer',
                 Simple_Imputer(categorical_strategy='not_available',
                                fill_value_categorical=None,
                                fill_value_numerical=None,
                                numeric_strategy='mean',
                                target_variable=None)),
                ('new_levels1',
                 New_Catagorical_Levels_in_TestData(r...
                ('clean_names', Clean_Colum_Names()),
                ('feature_select', 'passthrough'), ('fix_multi', 'passthrough'),
                ('dfs', 'passthrough'), ('pca', 'passthrough'),
                ['trained_model',
                 GradientBoostingClassifier(learning_rate=0.05, max_depth=2,
                                            max_features='sqrt',
                                            min_impurity_decrease=0.2,
                                            min_samples_leaf=2,
                                            min_samples_split=10,
                                            n_estimators=200, random_state=3738,
                                            subsample=0.3)]]), probability_threshold=None, encoded_labels=False, raw_score=False, round=4, verbose=True, ml_usecase=MLUsecase.CLASSIFICATION, display=None)
2021-07-29 18:05:11,323:INFO:Checking exceptions
2021-07-29 18:05:11,324:INFO:Preloading libraries
2021-07-29 18:56:35,052:INFO:Initializing load_model()
2021-07-29 18:56:35,052:INFO:load_model(model_name=assets/ml_models_binaries/churn-model-optimized-auc, platform=None, authentication=None, verbose=True)
2021-07-29 18:56:36,354:INFO:Initializing load_model()
2021-07-29 18:56:36,354:INFO:load_model(model_name=assets/ml_models_binaries/churn-model-optimized-auc, platform=None, authentication=None, verbose=True)
2021-07-29 18:57:05,198:INFO:Initializing predict_model()
2021-07-29 18:57:05,198:INFO:predict_model(estimator=Pipeline(steps=[('dtypes',
                 DataTypes_Auto_infer(features_todrop=['CustomerID', 'City'],
                                      ml_usecase='classification',
                                      target='Churn Value')),
                ('imputer',
                 Simple_Imputer(categorical_strategy='not_available',
                                fill_value_categorical=None,
                                fill_value_numerical=None,
                                numeric_strategy='mean',
                                target_variable=None)),
                ('new_levels1',
                 New_Catagorical_Levels_in_TestData(r...
                ('clean_names', Clean_Colum_Names()),
                ('feature_select', 'passthrough'), ('fix_multi', 'passthrough'),
                ('dfs', 'passthrough'), ('pca', 'passthrough'),
                ['trained_model',
                 GradientBoostingClassifier(learning_rate=0.05, max_depth=2,
                                            max_features='sqrt',
                                            min_impurity_decrease=0.2,
                                            min_samples_leaf=2,
                                            min_samples_split=10,
                                            n_estimators=200, random_state=3738,
                                            subsample=0.3)]]), probability_threshold=None, encoded_labels=False, raw_score=False, round=4, verbose=True, ml_usecase=MLUsecase.CLASSIFICATION, display=None)
2021-07-29 18:57:05,198:INFO:Checking exceptions
2021-07-29 18:57:05,198:INFO:Preloading libraries
2021-07-29 20:22:42,707:INFO:Initializing load_model()
2021-07-29 20:22:42,707:INFO:load_model(model_name=assets/ml_models_binaries/churn-model-optimized-auc, platform=None, authentication=None, verbose=True)
2021-07-29 20:22:44,108:INFO:Initializing load_model()
2021-07-29 20:22:44,108:INFO:load_model(model_name=assets/ml_models_binaries/churn-model-optimized-auc, platform=None, authentication=None, verbose=True)
2021-07-29 21:18:10,336:INFO:Initializing load_model()
2021-07-29 21:18:10,336:INFO:load_model(model_name=assets/ml_models_binaries/churn-model-optimized-auc, platform=None, authentication=None, verbose=True)
2021-07-29 21:18:11,820:INFO:Initializing load_model()
2021-07-29 21:18:11,820:INFO:load_model(model_name=assets/ml_models_binaries/churn-model-optimized-auc, platform=None, authentication=None, verbose=True)
2021-07-29 21:18:43,615:INFO:Initializing predict_model()
2021-07-29 21:18:43,616:INFO:predict_model(estimator=Pipeline(steps=[('dtypes',
                 DataTypes_Auto_infer(features_todrop=['CustomerID', 'City'],
                                      ml_usecase='classification',
                                      target='Churn Value')),
                ('imputer',
                 Simple_Imputer(categorical_strategy='not_available',
                                fill_value_categorical=None,
                                fill_value_numerical=None,
                                numeric_strategy='mean',
                                target_variable=None)),
                ('new_levels1',
                 New_Catagorical_Levels_in_TestData(r...
                ('clean_names', Clean_Colum_Names()),
                ('feature_select', 'passthrough'), ('fix_multi', 'passthrough'),
                ('dfs', 'passthrough'), ('pca', 'passthrough'),
                ['trained_model',
                 GradientBoostingClassifier(learning_rate=0.05, max_depth=2,
                                            max_features='sqrt',
                                            min_impurity_decrease=0.2,
                                            min_samples_leaf=2,
                                            min_samples_split=10,
                                            n_estimators=200, random_state=3738,
                                            subsample=0.3)]]), probability_threshold=None, encoded_labels=False, raw_score=False, round=4, verbose=True, ml_usecase=MLUsecase.CLASSIFICATION, display=None)
2021-07-29 21:18:43,616:INFO:Checking exceptions
2021-07-29 21:18:43,616:INFO:Preloading libraries
